<?xml version="1.0" encoding="UTF-8"?>
<!-- Generated by org.testng.reporters.JUnitReportReporter -->
<testsuite hostname="PriyasPC" failures="0" tests="3" name="com.testng.DataProviderEx" time="17.081" errors="0" timestamp="2025-06-05T05:53:04 IST" skipped="0">
  <testcase classname="com.testng.DataProviderEx" name="loginvalidate" time="3.869"/>
  <testcase classname="com.testng.DataProviderEx" name="loginvalidate" time="4.294"/>
  <testcase classname="com.testng.DataProviderEx" name="loginvalidate" time="8.918"/>
</testsuite> <!-- com.testng.DataProviderEx -->
