<?xml version="1.0" encoding="UTF-8"?>
<!-- Generated by org.testng.reporters.JUnitReportReporter -->
<testsuite hostname="PriyasPC" failures="0" tests="2" name="com.testng.SampleTestng" time="0.010" errors="0" timestamp="2025-06-02T16:02:51 IST" skipped="0">
  <testcase classname="com.testng.SampleTestng" name="test1" time="0.008"/>
  <testcase classname="com.testng.SampleTestng" name="test2" time="0.002"/>
</testsuite> <!-- com.testng.SampleTestng -->
